This file contains any messages produced by compilers while
running configure, to aid debugging if configure makes a mistake.

It was created by isl configure 0.10, which was
generated by GNU Autoconf 2.68.  Invocation command line was

  $ ./configure --no-create --no-recursion

## --------- ##
## Platform. ##
## --------- ##

hostname = pi4
uname -m = armv7l
uname -r = 4.19.58-v7l+
uname -s = Linux
uname -v = #1245 SMP Fri Jul 12 17:31:45 BST 2019

/usr/bin/uname -p = unknown
/bin/uname -X     = unknown

/bin/arch              = unknown
/usr/bin/arch -k       = unknown
/usr/convex/getsysinfo = unknown
/usr/bin/hostinfo      = unknown
/bin/machine           = unknown
/usr/bin/oslevel       = unknown
/bin/universe          = unknown

PATH: /usr/local/sbin
PATH: /usr/local/bin
PATH: /usr/sbin
PATH: /usr/bin
PATH: /sbin
PATH: /bin


## ----------- ##
## Core tests. ##
## ----------- ##

configure:2758: checking for a BSD-compatible install
configure:2826: result: /usr/bin/install -c
configure:2837: checking whether build environment is sane
configure:2887: result: yes
configure:3028: checking for a thread-safe mkdir -p
configure:3067: result: /bin/mkdir -p
configure:3080: checking for gawk
configure:3096: found /usr/bin/gawk
configure:3107: result: gawk
configure:3118: checking whether make sets $(MAKE)
configure:3140: result: yes
configure:3283: checking for gcc
configure:3299: found /usr/bin/gcc
configure:3310: result: gcc
configure:3539: checking for C compiler version
configure:3548: gcc --version >&5
gcc (Raspbian 8.3.0-6+rpi1) 8.3.0
Copyright (C) 2018 Free Software Foundation, Inc.
This is free software; see the source for copying conditions.  There is NO
warranty; not even for MERCHANTABILITY or FITNESS FOR A PARTICULAR PURPOSE.

configure:3559: $? = 0
configure:3548: gcc -v >&5
Using built-in specs.
COLLECT_GCC=gcc
COLLECT_LTO_WRAPPER=/usr/lib/gcc/arm-linux-gnueabihf/8/lto-wrapper
Target: arm-linux-gnueabihf
Configured with: ../src/configure -v --with-pkgversion='Raspbian 8.3.0-6+rpi1' --with-bugurl=file:///usr/share/doc/gcc-8/README.Bugs --enable-languages=c,ada,c++,go,d,fortran,objc,obj-c++ --prefix=/usr --with-gcc-major-version-only --program-suffix=-8 --program-prefix=arm-linux-gnueabihf- --enable-shared --enable-linker-build-id --libexecdir=/usr/lib --without-included-gettext --enable-threads=posix --libdir=/usr/lib --enable-nls --enable-bootstrap --enable-clocale=gnu --enable-libstdcxx-debug --enable-libstdcxx-time=yes --with-default-libstdcxx-abi=new --enable-gnu-unique-object --disable-libitm --disable-libquadmath --disable-libquadmath-support --enable-plugin --with-system-zlib --with-target-system-zlib --enable-objc-gc=auto --enable-multiarch --disable-sjlj-exceptions --with-arch=armv6 --with-fpu=vfp --with-float=hard --disable-werror --enable-checking=release --build=arm-linux-gnueabihf --host=arm-linux-gnueabihf --target=arm-linux-gnueabihf
Thread model: posix
gcc version 8.3.0 (Raspbian 8.3.0-6+rpi1) 
configure:3559: $? = 0
configure:3548: gcc -V >&5
gcc: error: unrecognized command line option '-V'
gcc: fatal error: no input files
compilation terminated.
configure:3559: $? = 1
configure:3548: gcc -qversion >&5
gcc: error: unrecognized command line option '-qversion'; did you mean '--version'?
gcc: fatal error: no input files
compilation terminated.
configure:3559: $? = 1
configure:3579: checking whether the C compiler works
configure:3601: gcc    conftest.c  >&5
configure:3605: $? = 0
configure:3653: result: yes
configure:3656: checking for C compiler default output file name
configure:3658: result: a.out
configure:3664: checking for suffix of executables
configure:3671: gcc -o conftest    conftest.c  >&5
configure:3675: $? = 0
configure:3697: result: 
configure:3719: checking whether we are cross compiling
configure:3727: gcc -o conftest    conftest.c  >&5
configure:3731: $? = 0
configure:3738: ./conftest
configure:3742: $? = 0
configure:3730: result: no
configure:3735: checking for suffix of object files
configure:3757: gcc -c   conftest.c >&5
configure:3761: $? = 0
configure:3782: result: o
configure:3786: checking whether we are using the GNU C compiler
configure:3805: gcc -c   conftest.c >&5
configure:3805: $? = 0
configure:3814: result: yes
configure:3823: checking whether gcc accepts -g
configure:3843: gcc -c -g  conftest.c >&5
configure:3843: $? = 0
configure:3884: result: yes
configure:3901: checking for gcc option to accept ISO C89
configure:3965: gcc  -c -g -O2  conftest.c >&5
configure:3965: $? = 0
configure:3978: result: none needed
configure:4009: checking for style of include used by make
configure:4037: result: GNU
configure:4062: checking dependency style of gcc
configure:4172: result: gcc3
configure:4245: checking for g++
configure:4261: found /usr/bin/g++
configure:4272: result: g++
configure:4299: checking for C++ compiler version
configure:4308: g++ --version >&5
g++ (Raspbian 8.3.0-6+rpi1) 8.3.0
Copyright (C) 2018 Free Software Foundation, Inc.
This is free software; see the source for copying conditions.  There is NO
warranty; not even for MERCHANTABILITY or FITNESS FOR A PARTICULAR PURPOSE.

configure:4319: $? = 0
configure:4308: g++ -v >&5
Using built-in specs.
COLLECT_GCC=g++
COLLECT_LTO_WRAPPER=/usr/lib/gcc/arm-linux-gnueabihf/8/lto-wrapper
Target: arm-linux-gnueabihf
Configured with: ../src/configure -v --with-pkgversion='Raspbian 8.3.0-6+rpi1' --with-bugurl=file:///usr/share/doc/gcc-8/README.Bugs --enable-languages=c,ada,c++,go,d,fortran,objc,obj-c++ --prefix=/usr --with-gcc-major-version-only --program-suffix=-8 --program-prefix=arm-linux-gnueabihf- --enable-shared --enable-linker-build-id --libexecdir=/usr/lib --without-included-gettext --enable-threads=posix --libdir=/usr/lib --enable-nls --enable-bootstrap --enable-clocale=gnu --enable-libstdcxx-debug --enable-libstdcxx-time=yes --with-default-libstdcxx-abi=new --enable-gnu-unique-object --disable-libitm --disable-libquadmath --disable-libquadmath-support --enable-plugin --with-system-zlib --with-target-system-zlib --enable-objc-gc=auto --enable-multiarch --disable-sjlj-exceptions --with-arch=armv6 --with-fpu=vfp --with-float=hard --disable-werror --enable-checking=release --build=arm-linux-gnueabihf --host=arm-linux-gnueabihf --target=arm-linux-gnueabihf
Thread model: posix
gcc version 8.3.0 (Raspbian 8.3.0-6+rpi1) 
configure:4319: $? = 0
configure:4308: g++ -V >&5
g++: error: unrecognized command line option '-V'
g++: fatal error: no input files
compilation terminated.
configure:4319: $? = 1
configure:4308: g++ -qversion >&5
g++: error: unrecognized command line option '-qversion'; did you mean '--version'?
g++: fatal error: no input files
compilation terminated.
configure:4319: $? = 1
configure:4323: checking whether we are using the GNU C++ compiler
configure:4342: g++ -c   conftest.cpp >&5
configure:4342: $? = 0
configure:4351: result: yes
configure:4360: checking whether g++ accepts -g
configure:4380: g++ -c -g  conftest.cpp >&5
configure:4380: $? = 0
configure:4421: result: yes
configure:4446: checking dependency style of g++
configure:4556: result: gcc3
configure:4574: checking for C compiler vendor
configure:4598: gcc -c -g -O2  conftest.c >&5
conftest.c: In function 'main':
conftest.c:17:7: error: 'thisisanerror' undeclared (first use in this function)
       thisisanerror;
       ^~~~~~~~~~~~~
conftest.c:17:7: note: each undeclared identifier is reported only once for each function it appears in
configure:4598: $? = 1
configure: failed program was:
| /* confdefs.h */
| #define PACKAGE_NAME "isl"
| #define PACKAGE_TARNAME "isl"
| #define PACKAGE_VERSION "0.10"
| #define PACKAGE_STRING "isl 0.10"
| #define PACKAGE_BUGREPORT "isl-development@googlegroups.com"
| #define PACKAGE_URL ""
| #define PACKAGE "isl"
| #define VERSION "0.10"
| /* end confdefs.h.  */
| 
| int
| main ()
| {
| 
| #if !(defined(__ICC) || defined(__ECC) || defined(__INTEL_COMPILER))
|       thisisanerror;
| #endif
| 
|   ;
|   return 0;
| }
configure:4598: gcc -c -g -O2  conftest.c >&5
conftest.c: In function 'main':
conftest.c:17:7: error: 'thisisanerror' undeclared (first use in this function)
       thisisanerror;
       ^~~~~~~~~~~~~
conftest.c:17:7: note: each undeclared identifier is reported only once for each function it appears in
configure:4598: $? = 1
configure: failed program was:
| /* confdefs.h */
| #define PACKAGE_NAME "isl"
| #define PACKAGE_TARNAME "isl"
| #define PACKAGE_VERSION "0.10"
| #define PACKAGE_STRING "isl 0.10"
| #define PACKAGE_BUGREPORT "isl-development@googlegroups.com"
| #define PACKAGE_URL ""
| #define PACKAGE "isl"
| #define VERSION "0.10"
| /* end confdefs.h.  */
| 
| int
| main ()
| {
| 
| #if !(defined(__xlc__) || defined(__xlC__) || defined(__IBMC__) || defined(__IBMCPP__))
|       thisisanerror;
| #endif
| 
|   ;
|   return 0;
| }
configure:4598: gcc -c -g -O2  conftest.c >&5
conftest.c: In function 'main':
conftest.c:17:7: error: 'thisisanerror' undeclared (first use in this function)
       thisisanerror;
       ^~~~~~~~~~~~~
conftest.c:17:7: note: each undeclared identifier is reported only once for each function it appears in
configure:4598: $? = 1
configure: failed program was:
| /* confdefs.h */
| #define PACKAGE_NAME "isl"
| #define PACKAGE_TARNAME "isl"
| #define PACKAGE_VERSION "0.10"
| #define PACKAGE_STRING "isl 0.10"
| #define PACKAGE_BUGREPORT "isl-development@googlegroups.com"
| #define PACKAGE_URL ""
| #define PACKAGE "isl"
| #define VERSION "0.10"
| /* end confdefs.h.  */
| 
| int
| main ()
| {
| 
| #if !(defined(__PATHCC__) || defined(__PATHSCALE__))
|       thisisanerror;
| #endif
| 
|   ;
|   return 0;
| }
configure:4598: gcc -c -g -O2  conftest.c >&5
conftest.c: In function 'main':
conftest.c:17:7: error: 'thisisanerror' undeclared (first use in this function)
       thisisanerror;
       ^~~~~~~~~~~~~
conftest.c:17:7: note: each undeclared identifier is reported only once for each function it appears in
configure:4598: $? = 1
configure: failed program was:
| /* confdefs.h */
| #define PACKAGE_NAME "isl"
| #define PACKAGE_TARNAME "isl"
| #define PACKAGE_VERSION "0.10"
| #define PACKAGE_STRING "isl 0.10"
| #define PACKAGE_BUGREPORT "isl-development@googlegroups.com"
| #define PACKAGE_URL ""
| #define PACKAGE "isl"
| #define VERSION "0.10"
| /* end confdefs.h.  */
| 
| int
| main ()
| {
| 
| #if !(defined(__clang__))
|       thisisanerror;
| #endif
| 
|   ;
|   return 0;
| }
configure:4598: gcc -c -g -O2  conftest.c >&5
configure:4598: $? = 0
configure:4605: result: gnu
configure:4612: checking build system type
configure:4626: result: armv7l-unknown-linux-gnueabihf
configure:4646: checking host system type
configure:4659: result: armv7l-unknown-linux-gnueabihf
configure:4935: checking whether C compiler accepts -malign-double
configure:4954: gcc -c -malign-double  conftest.c >&5
gcc: error: unrecognized command line option '-malign-double'; did you mean '-falign-jumps'?
configure:4954: $? = 1
configure: failed program was:
| /* confdefs.h */
| #define PACKAGE_NAME "isl"
| #define PACKAGE_TARNAME "isl"
| #define PACKAGE_VERSION "0.10"
| #define PACKAGE_STRING "isl 0.10"
| #define PACKAGE_BUGREPORT "isl-development@googlegroups.com"
| #define PACKAGE_URL ""
| #define PACKAGE "isl"
| #define VERSION "0.10"
| /* end confdefs.h.  */
| 
| int
| main ()
| {
| 
|   ;
|   return 0;
| }
configure:4964: result: no
configure:4974: checking whether C compiler accepts -fstrict-aliasing
configure:4993: gcc -c -fstrict-aliasing  conftest.c >&5
configure:4993: $? = 0
configure:5003: result: yes
configure:5013: checking whether C compiler accepts -ffast-math
configure:5032: gcc -c -ffast-math  conftest.c >&5
configure:5032: $? = 0
configure:5042: result: yes
configure:5063: checking for gcc architecture flag
configure:5065: result: 
configure:5435: checking for gcc architecture flag
configure:5437: result: unknown
configure:5469: checking whether C compiler accepts -O3 -fomit-frame-pointer -fstrict-aliasing -ffast-math
configure:5484: gcc -c -O3 -fomit-frame-pointer -fstrict-aliasing -ffast-math  conftest.c >&5
configure:5484: $? = 0
configure:5492: result: yes
configure:5512: checking whether the compiler supports function __attribute__((__warn_unused_result__))
configure:5530: gcc -c -O3 -fomit-frame-pointer -fstrict-aliasing -ffast-math  conftest.c >&5
configure:5530: $? = 0
configure:5537: result: yes
configure:5546: checking for __attribute__
configure:5568: gcc -c -O3 -fomit-frame-pointer -fstrict-aliasing -ffast-math  conftest.c >&5
configure:5568: $? = 0
configure:5577: result: yes
configure:5632: checking how to print strings
configure:5659: result: printf
configure:5680: checking for a sed that does not truncate output
configure:5744: result: /bin/sed
configure:5762: checking for grep that handles long lines and -e
configure:5820: result: /bin/grep
configure:5825: checking for egrep
configure:5887: result: /bin/grep -E
configure:5892: checking for fgrep
configure:5954: result: /bin/grep -F
configure:5989: checking for ld used by gcc
configure:6056: result: /usr/bin/ld
configure:6063: checking if the linker (/usr/bin/ld) is GNU ld
configure:6078: result: yes
configure:6090: checking for BSD- or MS-compatible name lister (nm)
configure:6139: result: /usr/bin/nm -B
configure:6269: checking the name lister (/usr/bin/nm -B) interface
configure:6276: gcc -c -O3 -fomit-frame-pointer -fstrict-aliasing -ffast-math  conftest.c >&5
configure:6279: /usr/bin/nm -B "conftest.o"
configure:6282: output
00000000 B some_variable
configure:6283: result: BSD nm
configure:6286: checking whether ln -s works
configure:6290: result: yes
configure:6298: checking the maximum length of command line arguments
configure:6423: result: 1572864
configure:6440: checking whether the shell understands some XSI constructs
configure:6449: result: yes
configure:6453: checking whether the shell understands "+="
configure:6457: result: yes
configure:6492: checking how to convert armv7l-unknown-linux-gnueabihf file names to armv7l-unknown-linux-gnueabihf format
configure:6532: result: func_convert_file_noop
configure:6539: checking how to convert armv7l-unknown-linux-gnueabihf file names to toolchain format
configure:6559: result: func_convert_file_noop
configure:6566: checking for /usr/bin/ld option to reload object files
configure:6573: result: -r
configure:6647: checking for objdump
configure:6663: found /usr/bin/objdump
configure:6674: result: objdump
configure:6706: checking how to recognize dependent libraries
configure:6908: result: pass_all
configure:6993: checking for dlltool
configure:7023: result: no
configure:7053: checking how to associate runtime and link libraries
configure:7080: result: printf %s\n
configure:7140: checking for ar
configure:7156: found /usr/bin/ar
configure:7167: result: ar
configure:7204: checking for archiver @FILE support
configure:7221: gcc -c -O3 -fomit-frame-pointer -fstrict-aliasing -ffast-math  conftest.c >&5
configure:7221: $? = 0
configure:7224: ar cru libconftest.a @conftest.lst >&5
ar: `u' modifier ignored since `D' is the default (see `U')
configure:7227: $? = 0
configure:7232: ar cru libconftest.a @conftest.lst >&5
ar: `u' modifier ignored since `D' is the default (see `U')
ar: conftest.o: No such file or directory
configure:7235: $? = 1
configure:7234: result: @
configure:7292: checking for strip
configure:7308: found /usr/bin/strip
configure:7319: result: strip
configure:7391: checking for ranlib
configure:7407: found /usr/bin/ranlib
configure:7418: result: ranlib
configure:7520: checking command to parse /usr/bin/nm -B output from gcc object
configure:7639: gcc -c -O3 -fomit-frame-pointer -fstrict-aliasing -ffast-math  conftest.c >&5
configure:7642: $? = 0
configure:7646: /usr/bin/nm -B conftest.o \| sed -n -e 's/^.*[ ]\([ABCDGIRSTW][ABCDGIRSTW]*\)[ ][ ]*\([_A-Za-z][_A-Za-z0-9]*\)$/\1 \2 \2/p' | sed '/ __gnu_lto/d' \> conftest.nm
configure:7649: $? = 0
configure:7715: gcc -o conftest -O3 -fomit-frame-pointer -fstrict-aliasing -ffast-math   conftest.c conftstm.o >&5
configure:7718: $? = 0
configure:7756: result: ok
configure:7793: checking for sysroot
configure:7823: result: no
configure:8066: checking for mt
configure:8082: found /bin/mt
configure:8093: result: mt
configure:8116: checking if mt is a manifest tool
configure:8122: mt '-?'
configure:8130: result: no
configure:8762: checking how to run the C preprocessor
configure:8793: gcc -E  conftest.c
configure:8793: $? = 0
configure:8807: gcc -E  conftest.c
conftest.c:13:10: fatal error: ac_nonexistent.h: No such file or directory
 #include <ac_nonexistent.h>
          ^~~~~~~~~~~~~~~~~~
compilation terminated.
configure:8807: $? = 1
configure: failed program was:
| /* confdefs.h */
| #define PACKAGE_NAME "isl"
| #define PACKAGE_TARNAME "isl"
| #define PACKAGE_VERSION "0.10"
| #define PACKAGE_STRING "isl 0.10"
| #define PACKAGE_BUGREPORT "isl-development@googlegroups.com"
| #define PACKAGE_URL ""
| #define PACKAGE "isl"
| #define VERSION "0.10"
| #define GCC_WARN_UNUSED_RESULT __attribute__((__warn_unused_result__))
| #define HAVE___ATTRIBUTE__ 1
| /* end confdefs.h.  */
| #include <ac_nonexistent.h>
configure:8832: result: gcc -E
configure:8852: gcc -E  conftest.c
configure:8852: $? = 0
configure:8866: gcc -E  conftest.c
conftest.c:13:10: fatal error: ac_nonexistent.h: No such file or directory
 #include <ac_nonexistent.h>
          ^~~~~~~~~~~~~~~~~~
compilation terminated.
configure:8866: $? = 1
configure: failed program was:
| /* confdefs.h */
| #define PACKAGE_NAME "isl"
| #define PACKAGE_TARNAME "isl"
| #define PACKAGE_VERSION "0.10"
| #define PACKAGE_STRING "isl 0.10"
| #define PACKAGE_BUGREPORT "isl-development@googlegroups.com"
| #define PACKAGE_URL ""
| #define PACKAGE "isl"
| #define VERSION "0.10"
| #define GCC_WARN_UNUSED_RESULT __attribute__((__warn_unused_result__))
| #define HAVE___ATTRIBUTE__ 1
| /* end confdefs.h.  */
| #include <ac_nonexistent.h>
configure:8895: checking for ANSI C header files
configure:8915: gcc -c -O3 -fomit-frame-pointer -fstrict-aliasing -ffast-math  conftest.c >&5
configure:8915: $? = 0
configure:8988: gcc -o conftest -O3 -fomit-frame-pointer -fstrict-aliasing -ffast-math   conftest.c  >&5
configure:8988: $? = 0
configure:8988: ./conftest
configure:8988: $? = 0
configure:8999: result: yes
configure:9012: checking for sys/types.h
configure:9012: gcc -c -O3 -fomit-frame-pointer -fstrict-aliasing -ffast-math  conftest.c >&5
configure:9012: $? = 0
configure:9012: result: yes
configure:9012: checking for sys/stat.h
configure:9012: gcc -c -O3 -fomit-frame-pointer -fstrict-aliasing -ffast-math  conftest.c >&5
configure:9012: $? = 0
configure:9012: result: yes
configure:9012: checking for stdlib.h
configure:9012: gcc -c -O3 -fomit-frame-pointer -fstrict-aliasing -ffast-math  conftest.c >&5
configure:9012: $? = 0
configure:9012: result: yes
configure:9012: checking for string.h
configure:9012: gcc -c -O3 -fomit-frame-pointer -fstrict-aliasing -ffast-math  conftest.c >&5
configure:9012: $? = 0
configure:9012: result: yes
configure:9012: checking for memory.h
configure:9012: gcc -c -O3 -fomit-frame-pointer -fstrict-aliasing -ffast-math  conftest.c >&5
configure:9012: $? = 0
configure:9012: result: yes
configure:9012: checking for strings.h
configure:9012: gcc -c -O3 -fomit-frame-pointer -fstrict-aliasing -ffast-math  conftest.c >&5
configure:9012: $? = 0
configure:9012: result: yes
configure:9012: checking for inttypes.h
configure:9012: gcc -c -O3 -fomit-frame-pointer -fstrict-aliasing -ffast-math  conftest.c >&5
configure:9012: $? = 0
configure:9012: result: yes
configure:9012: checking for stdint.h
configure:9012: gcc -c -O3 -fomit-frame-pointer -fstrict-aliasing -ffast-math  conftest.c >&5
configure:9012: $? = 0
configure:9012: result: yes
configure:9012: checking for unistd.h
configure:9012: gcc -c -O3 -fomit-frame-pointer -fstrict-aliasing -ffast-math  conftest.c >&5
configure:9012: $? = 0
configure:9012: result: yes
configure:9026: checking for dlfcn.h
configure:9026: gcc -c -O3 -fomit-frame-pointer -fstrict-aliasing -ffast-math  conftest.c >&5
configure:9026: $? = 0
configure:9026: result: yes
configure:9224: checking for objdir
configure:9239: result: .libs
configure:9510: checking if gcc supports -fno-rtti -fno-exceptions
configure:9528: gcc -c -O3 -fomit-frame-pointer -fstrict-aliasing -ffast-math  -fno-rtti -fno-exceptions conftest.c >&5
cc1: warning: command line option '-fno-rtti' is valid for C++/ObjC++ but not for C
configure:9532: $? = 0
configure:9545: result: no
configure:9855: checking for gcc option to produce PIC
configure:9862: result: -fPIC -DPIC
configure:9870: checking if gcc PIC flag -fPIC -DPIC works
configure:9888: gcc -c -O3 -fomit-frame-pointer -fstrict-aliasing -ffast-math  -fPIC -DPIC -DPIC conftest.c >&5
configure:9892: $? = 0
configure:9905: result: yes
configure:9934: checking if gcc static flag -static works
configure:9962: result: yes
configure:9977: checking if gcc supports -c -o file.o
configure:9998: gcc -c -O3 -fomit-frame-pointer -fstrict-aliasing -ffast-math  -o out/conftest2.o conftest.c >&5
configure:10002: $? = 0
configure:10024: result: yes
configure:10032: checking if gcc supports -c -o file.o
configure:10079: result: yes
configure:10112: checking whether the gcc linker (/usr/bin/ld) supports shared libraries
configure:11274: result: yes
configure:11311: checking whether -lc should be explicitly linked in
configure:11319: gcc -c -O3 -fomit-frame-pointer -fstrict-aliasing -ffast-math  conftest.c >&5
configure:11322: $? = 0
configure:11337: gcc -shared  -fPIC -DPIC conftest.o  -v -Wl,-soname -Wl,conftest -o conftest 2\>\&1 \| /bin/grep  -lc  \>/dev/null 2\>\&1
configure:11340: $? = 0
configure:11354: result: no
configure:11519: checking dynamic linker characteristics
configure:12034: gcc -o conftest -O3 -fomit-frame-pointer -fstrict-aliasing -ffast-math   -Wl,-rpath -Wl,/foo conftest.c  >&5
configure:12034: $? = 0
configure:12268: result: GNU/Linux ld.so
configure:12375: checking how to hardcode library paths into programs
configure:12400: result: immediate
configure:12940: checking whether stripping libraries is possible
configure:12945: result: yes
configure:12980: checking if libtool supports shared libraries
configure:12982: result: yes
configure:12985: checking whether to build shared libraries
configure:13006: result: yes
configure:13009: checking whether to build static libraries
configure:13013: result: yes
configure:10016: checking how to run the C++ preprocessor
configure:10043: g++ -E  conftest.cpp
configure:10043: $? = 0
configure:10057: g++ -E  conftest.cpp
conftest.cpp:25:10: fatal error: ac_nonexistent.h: No such file or directory
 #include <ac_nonexistent.h>
          ^~~~~~~~~~~~~~~~~~
compilation terminated.
configure:10057: $? = 1
configure: failed program was:
| /* confdefs.h */
| #define PACKAGE_NAME "isl"
| #define PACKAGE_TARNAME "isl"
| #define PACKAGE_VERSION "0.10"
| #define PACKAGE_STRING "isl 0.10"
| #define PACKAGE_BUGREPORT "isl-development@googlegroups.com"
| #define PACKAGE_URL ""
| #define PACKAGE "isl"
| #define VERSION "0.10"
| #define GCC_WARN_UNUSED_RESULT __attribute__((__warn_unused_result__))
| #define HAVE___ATTRIBUTE__ 1
| #define STDC_HEADERS 1
| #define HAVE_SYS_TYPES_H 1
| #define HAVE_SYS_STAT_H 1
| #define HAVE_STDLIB_H 1
| #define HAVE_STRING_H 1
| #define HAVE_MEMORY_H 1
| #define HAVE_STRINGS_H 1
| #define HAVE_INTTYPES_H 1
| #define HAVE_STDINT_H 1
| #define HAVE_UNISTD_H 1
| #define HAVE_DLFCN_H 1
| #define LT_OBJDIR ".libs/"
| /* end confdefs.h.  */
| #include <ac_nonexistent.h>
configure:10082: result: g++ -E
configure:10102: g++ -E  conftest.cpp
configure:10102: $? = 0
configure:10116: g++ -E  conftest.cpp
conftest.cpp:25:10: fatal error: ac_nonexistent.h: No such file or directory
 #include <ac_nonexistent.h>
          ^~~~~~~~~~~~~~~~~~
compilation terminated.
configure:10116: $? = 1
configure: failed program was:
| /* confdefs.h */
| #define PACKAGE_NAME "isl"
| #define PACKAGE_TARNAME "isl"
| #define PACKAGE_VERSION "0.10"
| #define PACKAGE_STRING "isl 0.10"
| #define PACKAGE_BUGREPORT "isl-development@googlegroups.com"
| #define PACKAGE_URL ""
| #define PACKAGE "isl"
| #define VERSION "0.10"
| #define GCC_WARN_UNUSED_RESULT __attribute__((__warn_unused_result__))
| #define HAVE___ATTRIBUTE__ 1
| #define STDC_HEADERS 1
| #define HAVE_SYS_TYPES_H 1
| #define HAVE_SYS_STAT_H 1
| #define HAVE_STDLIB_H 1
| #define HAVE_STRING_H 1
| #define HAVE_MEMORY_H 1
| #define HAVE_STRINGS_H 1
| #define HAVE_INTTYPES_H 1
| #define HAVE_STDINT_H 1
| #define HAVE_UNISTD_H 1
| #define HAVE_DLFCN_H 1
| #define LT_OBJDIR ".libs/"
| /* end confdefs.h.  */
| #include <ac_nonexistent.h>
configure:10286: checking for ld used by g++
configure:10353: result: /usr/bin/ld
configure:10360: checking if the linker (/usr/bin/ld) is GNU ld
configure:10375: result: yes
configure:10430: checking whether the g++ linker (/usr/bin/ld) supports shared libraries
configure:11434: result: yes
configure:11469: g++ -c -g -O2  conftest.cpp >&5
configure:11472: $? = 0
configure:11992: checking for g++ option to produce PIC
configure:11999: result: -fPIC -DPIC
configure:12007: checking if g++ PIC flag -fPIC -DPIC works
configure:12025: g++ -c -g -O2  -fPIC -DPIC -DPIC conftest.cpp >&5
configure:12029: $? = 0
configure:12042: result: yes
configure:12065: checking if g++ static flag -static works
configure:12093: result: yes
configure:12105: checking if g++ supports -c -o file.o
configure:12126: g++ -c -g -O2  -o out/conftest2.o conftest.cpp >&5
configure:12130: $? = 0
configure:12152: result: yes
configure:12157: checking if g++ supports -c -o file.o
configure:12204: result: yes
configure:12234: checking whether the g++ linker (/usr/bin/ld) supports shared libraries
configure:12271: result: yes
configure:12414: checking dynamic linker characteristics
configure:13097: result: GNU/Linux ld.so
configure:13150: checking how to hardcode library paths into programs
configure:13175: result: immediate
configure:12158: checking for perl
configure:12174: found /usr/bin/perl
configure:12185: result: perl
configure:12195: checking for pdflatex
configure:12225: result: no
configure:12232: checking for pod2html
configure:12248: found /usr/bin/pod2html
configure:12259: result: pod2html
configure:12278: checking for stdint types
configure:12301: gcc -c   conftest.c >&5
configure:12301: $? = 0
configure:12345: result: stdint.h (shortcircuit)
configure:12732: result: make use of stdint.h in include/isl/stdint.h (assuming C99 compatible system)
configure:12822: checking which gmp to use
configure:12824: result: system
configure:12849: checking whether mp_get_memory_functions is declared
configure:12849: gcc -c -O3 -fomit-frame-pointer -fstrict-aliasing -ffast-math   conftest.c >&5
configure:12849: $? = 0
configure:12849: result: yes
configure:12960: checking which piplib to use
configure:12962: result: no
configure:13145: checking which clang to use
configure:13147: result: no
configure:13379: checking for C compiler vendor
configure:13410: result: gnu
configure:13431: checking our pkgconfig libname
configure:13439: result: isl
configure:13442: checking our pkgconfig version
configure:13450: result: 0.10
configure:13453: checking our pkgconfig_libdir
configure:13460: result: ${libdir}/pkgconfig
configure:13463: result: expanded our pkgconfig_libdir... /usr/local/lib/pkgconfig
configure:13467: checking our pkgconfig_libfile
configure:13473: result: isl.pc
configure:13480: checking our package / suffix
configure:13484: result: isl / 
configure:13487: checking our pkgconfig description
configure:13494: result: isl Library
configure:13497: checking our pkgconfig requires
configure:13502: result: 
configure:13505: checking our pkgconfig ext libs
configure:13512: result: -lisl -lgmp
configure:13515: checking our pkgconfig cppflags
configure:13520: result: 
configure:13523: checking our pkgconfig ldflags
configure:13528: result: 
configure:13568: result: noninstalled pkgconfig -L /media/home/doug/nexmon/buildtools/isl-0.10/.libs
configure:13603: result: noninstalled pkgconfig -I /media/home/doug/nexmon/buildtools/isl-0.10/./include
configure:13800: creating ./config.status

## ---------------- ##
## Cache variables. ##
## ---------------- ##

ac_cv_build=armv7l-unknown-linux-gnueabihf
ac_cv_c_compiler_gnu=yes
ac_cv_cxx_compiler_gnu=yes
ac_cv_env_CCC_set=
ac_cv_env_CCC_value=
ac_cv_env_CC_set=
ac_cv_env_CC_value=
ac_cv_env_CFLAGS_set=
ac_cv_env_CFLAGS_value=
ac_cv_env_CPPFLAGS_set=
ac_cv_env_CPPFLAGS_value=
ac_cv_env_CPP_set=
ac_cv_env_CPP_value=
ac_cv_env_CXXCPP_set=
ac_cv_env_CXXCPP_value=
ac_cv_env_CXXFLAGS_set=
ac_cv_env_CXXFLAGS_value=
ac_cv_env_CXX_set=
ac_cv_env_CXX_value=
ac_cv_env_LDFLAGS_set=
ac_cv_env_LDFLAGS_value=
ac_cv_env_LIBS_set=
ac_cv_env_LIBS_value=
ac_cv_env_build_alias_set=
ac_cv_env_build_alias_value=
ac_cv_env_host_alias_set=
ac_cv_env_host_alias_value=
ac_cv_env_target_alias_set=
ac_cv_env_target_alias_value=
ac_cv_have_decl_mp_get_memory_functions=yes
ac_cv_header_dlfcn_h=yes
ac_cv_header_inttypes_h=yes
ac_cv_header_memory_h=yes
ac_cv_header_stdc=yes
ac_cv_header_stdint=stdint.h
ac_cv_header_stdint_h=yes
ac_cv_header_stdint_t=stdint.h
ac_cv_header_stdlib_h=yes
ac_cv_header_string_h=yes
ac_cv_header_strings_h=yes
ac_cv_header_sys_stat_h=yes
ac_cv_header_sys_types_h=yes
ac_cv_header_unistd_h=yes
ac_cv_host=armv7l-unknown-linux-gnueabihf
ac_cv_objext=o
ac_cv_path_EGREP='/bin/grep -E'
ac_cv_path_FGREP='/bin/grep -F'
ac_cv_path_GREP=/bin/grep
ac_cv_path_SED=/bin/sed
ac_cv_path_install='/usr/bin/install -c'
ac_cv_path_mkdir=/bin/mkdir
ac_cv_prog_AWK=gawk
ac_cv_prog_CPP='gcc -E'
ac_cv_prog_CXXCPP='g++ -E'
ac_cv_prog_PERL=perl
ac_cv_prog_POD2HTML=pod2html
ac_cv_prog_ac_ct_AR=ar
ac_cv_prog_ac_ct_CC=gcc
ac_cv_prog_ac_ct_CXX=g++
ac_cv_prog_ac_ct_MANIFEST_TOOL=mt
ac_cv_prog_ac_ct_OBJDUMP=objdump
ac_cv_prog_ac_ct_RANLIB=ranlib
ac_cv_prog_ac_ct_STRIP=strip
ac_cv_prog_cc_c89=
ac_cv_prog_cc_g=yes
ac_cv_prog_cxx_g=yes
ac_cv_prog_make_make_set=yes
ac_cv_stdint_message='using gnu compiler gcc (Raspbian 8.3.0-6+rpi1) 8.3.0'
ac_cv_stdint_result='(assuming C99 compatible system)'
am_cv_CC_dependencies_compiler_type=gcc3
am_cv_CXX_dependencies_compiler_type=gcc3
ax_cv___attribute__=yes
ax_cv_c_compiler_vendor=gnu
ax_cv_c_flags__O3__fomit_frame_pointer__fstrict_aliasing__ffast_math=yes
ax_cv_c_flags__ffast_math=yes
ax_cv_c_flags__fstrict_aliasing=yes
ax_cv_c_flags__malign_double=no
ax_cv_gcc_archflag=unknown
ax_cv_gcc_warn_unused_result=yes
lt_cv_ar_at_file=@
lt_cv_archive_cmds_need_lc=no
lt_cv_deplibs_check_method=pass_all
lt_cv_file_magic_cmd='$MAGIC_CMD'
lt_cv_file_magic_test_file=
lt_cv_ld_reload_flag=-r
lt_cv_nm_interface='BSD nm'
lt_cv_objdir=.libs
lt_cv_path_LD=/usr/bin/ld
lt_cv_path_LDCXX=/usr/bin/ld
lt_cv_path_NM='/usr/bin/nm -B'
lt_cv_path_mainfest_tool=no
lt_cv_prog_compiler_c_o=yes
lt_cv_prog_compiler_c_o_CXX=yes
lt_cv_prog_compiler_pic='-fPIC -DPIC'
lt_cv_prog_compiler_pic_CXX='-fPIC -DPIC'
lt_cv_prog_compiler_pic_works=yes
lt_cv_prog_compiler_pic_works_CXX=yes
lt_cv_prog_compiler_rtti_exceptions=no
lt_cv_prog_compiler_static_works=yes
lt_cv_prog_compiler_static_works_CXX=yes
lt_cv_prog_gnu_ld=yes
lt_cv_prog_gnu_ldcxx=yes
lt_cv_sharedlib_from_linklib_cmd='printf %s\n'
lt_cv_shlibpath_overrides_runpath=yes
lt_cv_sys_global_symbol_pipe='sed -n -e '\''s/^.*[	 ]\([ABCDGIRSTW][ABCDGIRSTW]*\)[	 ][	 ]*\([_A-Za-z][_A-Za-z0-9]*\)$/\1 \2 \2/p'\'' | sed '\''/ __gnu_lto/d'\'''
lt_cv_sys_global_symbol_to_c_name_address='sed -n -e '\''s/^: \([^ ]*\)[ ]*$/  {\"\1\", (void *) 0},/p'\'' -e '\''s/^[ABCDGIRSTW]* \([^ ]*\) \([^ ]*\)$/  {"\2", (void *) \&\2},/p'\'''
lt_cv_sys_global_symbol_to_c_name_address_lib_prefix='sed -n -e '\''s/^: \([^ ]*\)[ ]*$/  {\"\1\", (void *) 0},/p'\'' -e '\''s/^[ABCDGIRSTW]* \([^ ]*\) \(lib[^ ]*\)$/  {"\2", (void *) \&\2},/p'\'' -e '\''s/^[ABCDGIRSTW]* \([^ ]*\) \([^ ]*\)$/  {"lib\2", (void *) \&\2},/p'\'''
lt_cv_sys_global_symbol_to_cdecl='sed -n -e '\''s/^T .* \(.*\)$/extern int \1();/p'\'' -e '\''s/^[ABCDGIRSTW]* .* \(.*\)$/extern char \1;/p'\'''
lt_cv_sys_max_cmd_len=1572864
lt_cv_to_host_file_cmd=func_convert_file_noop
lt_cv_to_tool_file_cmd=func_convert_file_noop

## ----------------- ##
## Output variables. ##
## ----------------- ##

ACLOCAL='${SHELL} /media/home/doug/nexmon/buildtools/isl-0.10/missing --run aclocal-1.11'
AMDEPBACKSLASH='\'
AMDEP_FALSE='#'
AMDEP_TRUE=''
AMTAR='${SHELL} /media/home/doug/nexmon/buildtools/isl-0.10/missing --run tar'
AM_BACKSLASH='\'
AM_DEFAULT_VERBOSITY='0'
AR='ar'
AUTOCONF='${SHELL} /media/home/doug/nexmon/buildtools/isl-0.10/missing --run autoconf'
AUTOHEADER='${SHELL} /media/home/doug/nexmon/buildtools/isl-0.10/missing --run autoheader'
AUTOMAKE='${SHELL} /media/home/doug/nexmon/buildtools/isl-0.10/missing --run automake-1.11'
AWK='gawk'
CC='gcc'
CCDEPMODE='depmode=gcc3'
CFLAGS='-O3 -fomit-frame-pointer -fstrict-aliasing -ffast-math'
CLANG_CXXFLAGS=''
CLANG_LDFLAGS=''
CLANG_LIBS=''
CPP='gcc -E'
CPPFLAGS=''
CXX='g++'
CXXCPP='g++ -E'
CXXDEPMODE='depmode=gcc3'
CXXFLAGS='-g -O2'
CYGPATH_W='echo'
DEFS='-DHAVE_CONFIG_H'
DEPDIR='.deps'
DLLTOOL='false'
DSYMUTIL=''
DUMPBIN=''
ECHO_C=''
ECHO_N='-n'
ECHO_T=''
EGREP='/bin/grep -E'
EXEEXT=''
FGREP='/bin/grep -F'
GENERATE_DOC_FALSE=''
GENERATE_DOC_TRUE='#'
GIT_HEAD=''
GIT_HEAD_ID='isl-0.10'
GIT_HEAD_VERSION='isl-0.10'
GMP_CPPFLAGS=''
GMP_LDFLAGS=''
GMP_LIBS='-lgmp'
GREP='/bin/grep'
HAVE_CLANG_FALSE=''
HAVE_CLANG_TRUE='#'
HAVE_PIPLIB_FALSE=''
HAVE_PIPLIB_TRUE='#'
INSTALL_DATA='${INSTALL} -m 644'
INSTALL_PROGRAM='${INSTALL}'
INSTALL_SCRIPT='${INSTALL}'
INSTALL_STRIP_PROGRAM='$(install_sh) -c -s'
LD='/usr/bin/ld'
LDFLAGS=''
LIBOBJS=''
LIBS=''
LIBTOOL='$(SHELL) $(top_builddir)/libtool'
LIB_CLANG_EDIT=''
LIPO=''
LN_S='ln -s'
LTLIBOBJS=''
MAKEINFO='${SHELL} /media/home/doug/nexmon/buildtools/isl-0.10/missing --run makeinfo'
MANIFEST_TOOL=':'
MKDIR_P='/bin/mkdir -p'
NEED_GET_MEMORY_FUNCTIONS_FALSE=''
NEED_GET_MEMORY_FUNCTIONS_TRUE='#'
NM='/usr/bin/nm -B'
NMEDIT=''
OBJDUMP='objdump'
OBJEXT='o'
OTOOL64=''
OTOOL=''
PACKAGE='isl'
PACKAGE_BUGREPORT='isl-development@googlegroups.com'
PACKAGE_NAME='isl'
PACKAGE_STRING='isl 0.10'
PACKAGE_TARNAME='isl'
PACKAGE_URL=''
PACKAGE_VERSION='0.10'
PATH_SEPARATOR=':'
PDFLATEX=''
PERL='perl'
PIPLIB_CPPFLAGS=''
PIPLIB_LDFLAGS=''
PIPLIB_LIBS=''
POD2HTML='pod2html'
PRTDIAG=''
RANLIB='ranlib'
SED='/bin/sed'
SET_MAKE=''
SHELL='/bin/bash'
STRIP='strip'
VERSION='0.10'
WARNING_FLAGS=''
ac_ct_AR='ar'
ac_ct_CC='gcc'
ac_ct_CXX='g++'
ac_ct_DUMPBIN=''
am__EXEEXT_FALSE=''
am__EXEEXT_TRUE='#'
am__fastdepCC_FALSE='#'
am__fastdepCC_TRUE=''
am__fastdepCXX_FALSE='#'
am__fastdepCXX_TRUE=''
am__include='include'
am__isrc=''
am__leading_dot='.'
am__quote=''
am__tar='${AMTAR} chof - "$$tardir"'
am__untar='${AMTAR} xf -'
bindir='${exec_prefix}/bin'
build='armv7l-unknown-linux-gnueabihf'
build_alias=''
build_cpu='armv7l'
build_os='linux-gnueabihf'
build_vendor='unknown'
datadir='${datarootdir}'
datarootdir='${prefix}/share'
docdir='${datarootdir}/doc/${PACKAGE_TARNAME}'
dvidir='${docdir}'
exec_prefix='${prefix}'
host='armv7l-unknown-linux-gnueabihf'
host_alias=''
host_cpu='armv7l'
host_os='linux-gnueabihf'
host_vendor='unknown'
htmldir='${docdir}'
includedir='${prefix}/include'
infodir='${datarootdir}/info'
install_sh='${SHELL} /media/home/doug/nexmon/buildtools/isl-0.10/install-sh'
libdir='${exec_prefix}/lib'
libexecdir='${exec_prefix}/libexec'
llvm_config_found=''
localedir='${datarootdir}/locale'
localstatedir='${prefix}/var'
mandir='${datarootdir}/man'
mkdir_p='/bin/mkdir -p'
oldincludedir='/usr/include'
pdfdir='${docdir}'
pkgconfig_libdir='${libdir}/pkgconfig'
pkgconfig_libfile='isl.pc'
prefix='/usr/local'
program_transform_name='s,x,x,'
psdir='${docdir}'
sbindir='${exec_prefix}/sbin'
sharedstatedir='${prefix}/com'
sysconfdir='${prefix}/etc'
target_alias=''
versioninfo='10:0:0'

## ----------- ##
## confdefs.h. ##
## ----------- ##

/* confdefs.h */
#define PACKAGE_NAME "isl"
#define PACKAGE_TARNAME "isl"
#define PACKAGE_VERSION "0.10"
#define PACKAGE_STRING "isl 0.10"
#define PACKAGE_BUGREPORT "isl-development@googlegroups.com"
#define PACKAGE_URL ""
#define PACKAGE "isl"
#define VERSION "0.10"
#define GCC_WARN_UNUSED_RESULT __attribute__((__warn_unused_result__))
#define HAVE___ATTRIBUTE__ 1
#define STDC_HEADERS 1
#define HAVE_SYS_TYPES_H 1
#define HAVE_SYS_STAT_H 1
#define HAVE_STDLIB_H 1
#define HAVE_STRING_H 1
#define HAVE_MEMORY_H 1
#define HAVE_STRINGS_H 1
#define HAVE_INTTYPES_H 1
#define HAVE_STDINT_H 1
#define HAVE_UNISTD_H 1
#define HAVE_DLFCN_H 1
#define LT_OBJDIR ".libs/"
#define HAVE_DECL_MP_GET_MEMORY_FUNCTIONS 1

configure: exit 0

## ---------------------- ##
## Running config.status. ##
## ---------------------- ##

This file was extended by isl config.status 0.10, which was
generated by GNU Autoconf 2.68.  Invocation command line was

  CONFIG_FILES    = 
  CONFIG_HEADERS  = 
  CONFIG_LINKS    = 
  CONFIG_COMMANDS = 
  $ ./config.status 

on pi4

config.status:1229: creating Makefile
config.status:1229: creating doc/Makefile
config.status:1229: creating bound_test.sh
config.status:1229: creating pip_test.sh
config.status:1229: creating isl_config.h
config.status:1410: isl_config.h is unchanged
config.status:1229: creating include/isl/config.h
config.status:1410: include/isl/config.h is unchanged
config.status:1458: executing depfiles commands
config.status:1458: executing libtool commands
config.status:1458: executing include/isl/stdint.h commands
config.status:2363: creating include/isl/stdint.h : _ISL_INCLUDE_ISL_STDINT_H
config.status:2805: include/isl/stdint.h is unchanged
config.status:1458: executing isl.pc commands
config.status:2845: creating isl.pc.in
config.status:2868: creating isl.pc
config.status:2894: creating isl-uninstalled.pc
config.status:2924: creating isl-uninstalled.sh

## ---------------------- ##
## Running config.status. ##
## ---------------------- ##

This file was extended by isl config.status 0.10, which was
generated by GNU Autoconf 2.68.  Invocation command line was

  CONFIG_FILES    = 
  CONFIG_HEADERS  = 
  CONFIG_LINKS    = 
  CONFIG_COMMANDS = 
  $ ./config.status isl_config.h

on pi4

config.status:1229: creating isl_config.h
config.status:1410: isl_config.h is unchanged
